2022-08-29T08:34:19.934Z [INFO] - Middlewares was initialized
2022-08-29T08:34:19.946Z [INFO] - Server started on port 3001
2022-08-29T08:34:29.750Z [DEBUG] - meetups.find
2022-08-29T08:36:31.356Z [INFO] - Middlewares was initialized
2022-08-29T08:36:31.369Z [INFO] - Server started on port 3001
2022-08-29T08:36:36.933Z [INFO] - GET http://localhost:3001/meetups
2022-08-29T08:36:36.945Z [DEBUG] - meetups.find
2022-08-29T08:36:41.075Z [INFO] - GET http://localhost:3001/meetups
2022-08-29T08:36:41.077Z [DEBUG] - meetups.find
2022-08-29T08:41:30.180Z [INFO] - GET http://localhost:3001/meetups
2022-08-29T08:41:30.182Z [DEBUG] - meetups.find
2022-08-29T08:45:14.012Z [INFO] - POST http://localhost:3001/meetups
2022-08-29T08:45:42.953Z [INFO] - POST http://localhost:3001/meetups
2022-08-29T08:45:42.960Z [DEBUG] - meetups.insertOne
2022-08-29T08:47:35.039Z [INFO] - Middlewares was initialized
2022-08-29T08:47:35.052Z [INFO] - Server started on port 3001
2022-08-29T08:48:06.370Z [INFO] - POST http://localhost:3001/meetups
2022-08-29T08:48:06.391Z [DEBUG] - meetups.insertOne
2022-08-29T08:48:25.921Z [INFO] - GET http://localhost:3001/meetups
2022-08-29T08:48:25.929Z [DEBUG] - meetups.find
2022-08-29T08:49:14.307Z [INFO] - GET http://localhost:3001/meetups/630c7cb6670c17c07a732a97
2022-08-29T08:49:14.310Z [DEBUG] - meetups.findOne
2022-08-29T08:49:40.384Z [INFO] - DELETE http://localhost:3001/meetups/630c7cb6670c17c07a732a97
2022-08-29T08:49:40.387Z [DEBUG] - meetups.remove
2022-08-29T08:52:59.429Z [INFO] - Middlewares was initialized
2022-08-29T08:52:59.448Z [INFO] - Server started on port 3001
2022-08-29T08:53:02.425Z [INFO] - DELETE http://localhost:3001/meetups/630c7cb6670c17c07a732a97
2022-08-29T08:53:02.433Z [DEBUG] - meetups.deleteOne
2022-08-29T08:56:13.856Z [INFO] - GET http://localhost:3001/meetups/630c7cb6670c17c07a732a97
2022-08-29T08:56:13.859Z [DEBUG] - meetups.findOne
2022-08-29T08:56:16.512Z [INFO] - GET http://localhost:3001/meetups/630c7cb6670c17c07a732a97
2022-08-29T08:56:16.514Z [DEBUG] - meetups.findOne
2022-08-29T08:56:19.537Z [INFO] - GET http://localhost:3001/meetups/630c7cb6670c17c07a732a97
2022-08-29T08:56:19.539Z [DEBUG] - meetups.findOne
2022-08-29T08:56:42.594Z [INFO] - GET http://localhost:3001/meetups/630c7cb6670c17c07a732a97
2022-08-29T08:56:42.596Z [DEBUG] - meetups.findOne
2022-08-29T08:56:43.366Z [INFO] - GET http://localhost:3001/meetups/630c7cb6670c17c07a732a97
2022-08-29T08:56:43.367Z [DEBUG] - meetups.findOne
2022-08-29T08:56:52.068Z [INFO] - GET http://localhost:3001/meetups/630c7cb6670c17c07a732a97
2022-08-29T08:56:52.069Z [DEBUG] - meetups.findOne
2022-08-29T08:57:06.740Z [INFO] - Middlewares was initialized
2022-08-29T08:57:06.756Z [INFO] - Server started on port 3001
2022-08-29T08:57:08.558Z [INFO] - GET http://localhost:3001/meetups/630c7cb6670c17c07a732a97
2022-08-29T08:57:08.567Z [DEBUG] - meetups.findOne
2022-08-29T08:57:11.321Z [INFO] - GET http://localhost:3001/meetups/630c7cb6670c17c07a732a97
2022-08-29T08:57:11.323Z [DEBUG] - meetups.findOne
2022-08-29T08:58:01.796Z [INFO] - Middlewares was initialized
2022-08-29T08:58:01.809Z [INFO] - Server started on port 3001
2022-08-29T08:58:04.860Z [INFO] - GET http://localhost:3001/meetups/630c7cb6670c17c07a732a97
2022-08-29T08:58:04.872Z [DEBUG] - meetups.findOne
2022-08-29T08:58:07.195Z [INFO] - GET http://localhost:3001/meetups/630c7cb6670c17c07a732a97
2022-08-29T08:58:07.197Z [DEBUG] - meetups.findOne
2022-08-29T08:58:50.581Z [INFO] - Middlewares was initialized
2022-08-29T08:58:50.595Z [INFO] - Server started on port 3001
2022-08-29T08:58:53.904Z [INFO] - GET http://localhost:3001/meetups/630c7cb6670c17c07a732a97
2022-08-29T08:58:53.914Z [DEBUG] - meetups.findOne
2022-08-29T08:59:36.603Z [INFO] - Middlewares was initialized
2022-08-29T08:59:36.617Z [INFO] - Server started on port 3001
2022-08-29T08:59:42.134Z [INFO] - GET http://localhost:3001/meetups/630c7cb6670c17c07a732a97
2022-08-29T08:59:42.147Z [DEBUG] - meetups.findOne
2022-08-29T08:59:46.630Z [INFO] - GET http://localhost:3001/meetups
2022-08-29T08:59:46.634Z [DEBUG] - meetups.find
2022-08-29T09:00:05.992Z [INFO] - GET http://localhost:3001/meetups/630c7d461eb36ef4c239e4fa
2022-08-29T09:00:05.995Z [DEBUG] - meetups.findOne
2022-08-29T09:02:49.279Z [INFO] - PUT http://localhost:3001/meetups/630c7cb6670c17c07a732a97
2022-08-29T09:02:49.288Z [DEBUG] - meetups.findOneAndUpdate
2022-08-29T09:02:54.894Z [INFO] - GET http://localhost:3001/meetups
2022-08-29T09:02:54.895Z [DEBUG] - meetups.find
2022-08-29T09:03:04.218Z [INFO] - PUT http://localhost:3001/meetups/630c7d461eb36ef4c239e4fa
2022-08-29T09:03:04.220Z [DEBUG] - meetups.findOneAndUpdate
2022-08-29T09:34:55.568Z [INFO] - Middlewares was initialized
2022-08-29T09:34:55.580Z [INFO] - Server started on port 3001
2022-08-29T09:35:26.373Z [INFO] - POST http://localhost:3001/meetups
2022-08-29T09:36:17.926Z [INFO] - Middlewares was initialized
2022-08-29T09:36:17.943Z [INFO] - Server started on port 3001
2022-08-29T09:36:31.081Z [INFO] - POST http://localhost:3001/meetups
2022-08-29T09:36:57.389Z [INFO] - Middlewares was initialized
2022-08-29T09:36:57.402Z [INFO] - Server started on port 3001
2022-08-29T09:37:02.448Z [INFO] - POST http://localhost:3001/meetups
2022-08-29T09:37:02.470Z [DEBUG] - meetups.insertOne
2022-08-29T09:37:07.855Z [INFO] - POST http://localhost:3001/meetups
2022-08-29T09:37:20.806Z [INFO] - PUT http://localhost:3001/meetups/630c7d461eb36ef4c239e4fa
2022-08-29T09:37:20.822Z [DEBUG] - meetups.findOneAndUpdate
2022-08-29T09:37:37.250Z [INFO] - PUT http://localhost:3001/meetups/630c7d461eb36ef4c239e4fa
2022-08-29T10:33:21.501Z [INFO] - Middlewares was initialized
2022-08-29T10:33:21.515Z [INFO] - Server started on port 3001
2022-08-29T10:34:44.482Z [INFO] - GET http://localhost:3001/meetups
2022-08-29T10:36:39.616Z [INFO] - Middlewares was initialized
2022-08-29T10:36:39.630Z [INFO] - Server started on port 3001
2022-08-29T10:44:46.777Z [INFO] - GET http://localhost:3001/meetups
2022-08-29T10:44:46.917Z [DEBUG] - meetups.find
2022-08-29T10:46:31.583Z [INFO] - GET http://localhost:3001/meetups
2022-08-29T10:46:31.641Z [DEBUG] - meetups.find
2022-08-29T11:10:13.932Z [INFO] - GET http://localhost:3001/meetups
2022-08-29T11:16:33.382Z [INFO] - GET http://localhost:3001/meetups
2022-08-29T11:16:33.446Z [DEBUG] - meetups.find
2022-08-29T11:17:15.322Z [INFO] - GET http://localhost:3001/meetups
2022-08-29T11:17:15.370Z [DEBUG] - meetups.find
2022-08-29T11:17:44.271Z [INFO] - GET http://localhost:3001/meetups
2022-08-29T11:17:44.320Z [DEBUG] - meetups.find
2022-08-29T11:17:50.879Z [INFO] - GET http://localhost:3001/meetups
2022-08-29T11:17:50.936Z [DEBUG] - meetups.find
2022-08-29T11:18:30.490Z [INFO] - GET http://localhost:3001/meetups
2022-08-29T18:25:05.079Z [INFO] - Middlewares was initialized
2022-08-29T18:25:05.092Z [INFO] - Server started on port 3001
2022-08-29T18:25:11.453Z [INFO] - GET http://localhost:3001/meetups
2022-08-29T18:26:37.227Z [INFO] - GET http://localhost:3001/meetups
2022-08-29T18:27:26.808Z [INFO] - GET http://localhost:3001/meetups
2022-08-29T18:27:26.898Z [DEBUG] - meetups.find
2022-08-29T18:30:52.848Z [INFO] - GET http://localhost:3001/meetups
2022-08-29T18:30:52.865Z [DEBUG] - meetups.find
2022-08-29T18:30:57.831Z [INFO] - GET http://localhost:3001/meetups
2022-08-29T18:30:57.848Z [DEBUG] - meetups.find
2022-08-29T18:31:06.399Z [INFO] - GET http://localhost:3001/meetups
2022-08-29T18:31:06.414Z [DEBUG] - meetups.find
2022-08-29T18:31:07.903Z [INFO] - GET http://localhost:3001/meetups
2022-08-29T18:31:07.918Z [DEBUG] - meetups.find
2022-08-29T18:31:09.328Z [INFO] - GET http://localhost:3001/meetups
2022-08-29T18:31:09.342Z [DEBUG] - meetups.find
2022-08-29T18:31:51.444Z [INFO] - Middlewares was initialized
2022-08-29T18:31:51.457Z [INFO] - Server started on port 3001
2022-08-29T18:32:01.400Z [INFO] - GET http://localhost:3001/meetups
2022-08-29T18:32:08.464Z [INFO] - GET http://localhost:3001/meetups
2022-08-29T18:32:11.823Z [INFO] - GET http://localhost:3001/meetups
2022-08-29T18:32:12.817Z [INFO] - GET http://localhost:3001/meetups
2022-08-29T18:32:13.606Z [INFO] - GET http://localhost:3001/meetups
2022-08-29T18:32:14.420Z [INFO] - GET http://localhost:3001/meetups
2022-08-29T18:32:15.164Z [INFO] - GET http://localhost:3001/meetups
2022-08-29T18:32:16.198Z [INFO] - GET http://localhost:3001/meetups
2022-08-29T18:32:56.699Z [INFO] - Middlewares was initialized
2022-08-29T18:32:56.708Z [INFO] - Server started on port 3001
2022-08-29T18:33:57.628Z [INFO] - GET http://localhost:3001/meetups
2022-08-29T18:34:26.692Z [INFO] - Middlewares was initialized
2022-08-29T18:34:26.705Z [INFO] - Server started on port 3001
2022-08-29T18:34:34.828Z [INFO] - GET http://localhost:3001/meetups
2022-08-29T18:35:11.222Z [INFO] - Middlewares was initialized
2022-08-29T18:35:11.234Z [INFO] - Server started on port 3001
2022-08-29T18:35:12.384Z [INFO] - GET http://localhost:3001/meetups
2022-08-29T18:37:07.720Z [INFO] - Middlewares was initialized
2022-08-29T18:37:07.732Z [INFO] - Server started on port 3001
2022-08-29T18:37:13.551Z [INFO] - GET http://localhost:3001/meetups
2022-08-29T18:37:13.632Z [DEBUG] - meetups.find
2022-08-29T18:37:22.508Z [INFO] - GET http://localhost:3001/meetups
2022-08-29T18:50:26.133Z [INFO] - Middlewares was initialized
2022-08-29T18:50:26.147Z [INFO] - Server started on port 3001
2022-08-29T18:50:47.567Z [INFO] - GET http://localhost:3001/meetups
2022-08-29T18:50:52.883Z [INFO] - GET http://localhost:3001/meetups
2022-08-29T18:50:52.968Z [DEBUG] - meetups.find
2022-08-29T18:51:11.450Z [INFO] - POST http://localhost:3001/meetups
2022-08-29T18:51:32.582Z [INFO] - POST http://localhost:3001/meetups
2022-08-29T18:51:40.939Z [INFO] - POST http://localhost:3001/meetups
2022-08-29T18:53:01.968Z [INFO] - Middlewares was initialized
2022-08-29T18:53:01.981Z [INFO] - Server started on port 3001
2022-08-29T18:53:06.194Z [INFO] - POST http://localhost:3001/meetups
2022-08-29T18:53:06.300Z [DEBUG] - meetups.insertOne
